# JRE version: OpenJDK Runtime Environment (7.0_79-b14) (build 1.7.0_79-b14)
# Java VM: OpenJDK 64-Bit Server VM (24.79-b02 mixed mode linux-amd64 compressed oops)
Heap
 PSYoungGen      total 128000K, used 2994K [0x00000000eaa80000, 0x00000000f2d00000, 0x0000000100000000)
  eden space 122368K, 0% used [0x00000000eaa80000,0x00000000eaa80000,0x00000000f2200000)
  from space 5632K, 53% used [0x00000000f2200000,0x00000000f24ecbb8,0x00000000f2780000)
  to   space 5632K, 0% used [0x00000000f2780000,0x00000000f2780000,0x00000000f2d00000)
 ParOldGen       total 19456K, used 13280K [0x00000000c0000000, 0x00000000c1300000, 0x00000000eaa80000)
  object space 19456K, 68% used [0x00000000c0000000,0x00000000c0cf8230,0x00000000c1300000)
 PSPermGen       total 23552K, used 23545K [0x00000000b0000000, 0x00000000b1700000, 0x00000000c0000000)
  object space 23552K, 99% used [0x00000000b0000000,0x00000000b16fe7b0,0x00000000b1700000)
GC Heap History (10 events):
Event: 9,427 GC heap after
Heap after GC invocations=10 (full 0):
 PSYoungGen      total 52736K, used 1604K [0x00000000eaa80000, 0x00000000ee400000, 0x0000000100000000)
  eden space 47616K, 0% used [0x00000000eaa80000,0x00000000eaa80000,0x00000000ed900000)
  from space 5120K, 31% used [0x00000000edf00000,0x00000000ee0910e0,0x00000000ee400000)
  to   space 5632K, 0% used [0x00000000ed900000,0x00000000ed900000,0x00000000ede80000)
 ParOldGen       total 19456K, used 9089K [0x00000000c0000000, 0x00000000c1300000, 0x00000000eaa80000)
  object space 19456K, 46% used [0x00000000c0000000,0x00000000c08e07d8,0x00000000c1300000)
 PSPermGen       total 21504K, used 21065K [0x00000000b0000000, 0x00000000b1500000, 0x00000000c0000000)
  object space 21504K, 97% used [0x00000000b0000000,0x00000000b1492598,0x00000000b1500000)
}
Event: 9,721 GC heap before
{Heap before GC invocations=11 (full 0):
 PSYoungGen      total 52736K, used 49220K [0x00000000eaa80000, 0x00000000ee400000, 0x0000000100000000)
  eden space 47616K, 100% used [0x00000000eaa80000,0x00000000ed900000,0x00000000ed900000)
  from space 5120K, 31% used [0x00000000edf00000,0x00000000ee0910e0,0x00000000ee400000)
  to   space 5632K, 0% used [0x00000000ed900000,0x00000000ed900000,0x00000000ede80000)
 ParOldGen       total 19456K, used 9089K [0x00000000c0000000, 0x00000000c1300000, 0x00000000eaa80000)
  object space 19456K, 46% used [0x00000000c0000000,0x00000000c08e07d8,0x00000000c1300000)
 PSPermGen       total 21504K, used 21070K [0x00000000b0000000, 0x00000000b1500000, 0x00000000c0000000)
  object space 21504K, 97% used [0x00000000b0000000,0x00000000b1493968,0x00000000b1500000)
Event: 9,759 GC heap after
Heap after GC invocations=11 (full 0):
 PSYoungGen      total 53248K, used 256K [0x00000000eaa80000, 0x00000000f0100000, 0x0000000100000000)
  eden space 47616K, 0% used [0x00000000eaa80000,0x00000000eaa80000,0x00000000ed900000)
  from space 5632K, 4% used [0x00000000ed900000,0x00000000ed940000,0x00000000ede80000)
  to   space 6144K, 0% used [0x00000000efb00000,0x00000000efb00000,0x00000000f0100000)
 ParOldGen       total 19456K, used 10613K [0x00000000c0000000, 0x00000000c1300000, 0x00000000eaa80000)
  object space 19456K, 54% used [0x00000000c0000000,0x00000000c0a5d540,0x00000000c1300000)
 PSPermGen       total 21504K, used 21070K [0x00000000b0000000, 0x00000000b1500000, 0x00000000c0000000)
  object space 21504K, 97% used [0x00000000b0000000,0x00000000b1493968,0x00000000b1500000)
}
Event: 11,224 GC heap before
{Heap before GC invocations=12 (full 0):
 PSYoungGen      total 53248K, used 47872K [0x00000000eaa80000, 0x00000000f0100000, 0x0000000100000000)
  eden space 47616K, 100% used [0x00000000eaa80000,0x00000000ed900000,0x00000000ed900000)
  from space 5632K, 4% used [0x00000000ed900000,0x00000000ed940000,0x00000000ede80000)
  to   space 6144K, 0% used [0x00000000efb00000,0x00000000efb00000,0x00000000f0100000)
 ParOldGen       total 19456K, used 10613K [0x00000000c0000000, 0x00000000c1300000, 0x00000000eaa80000)
  object space 19456K, 54% used [0x00000000c0000000,0x00000000c0a5d540,0x00000000c1300000)
 PSPermGen       total 22528K, used 22281K [0x00000000b0000000, 0x00000000b1600000, 0x00000000c0000000)
  object space 22528K, 98% used [0x00000000b0000000,0x00000000b15c2570,0x00000000b1600000)
Event: 11,262 GC heap after
Heap after GC invocations=12 (full 0):
 PSYoungGen      total 81408K, used 2098K [0x00000000eaa80000, 0x00000000f0000000, 0x0000000100000000)
  eden space 76288K, 0% used [0x00000000eaa80000,0x00000000eaa80000,0x00000000ef500000)
  from space 5120K, 40% used [0x00000000efb00000,0x00000000efd0ca00,0x00000000f0000000)
  to   space 5632K, 0% used [0x00000000ef500000,0x00000000ef500000,0x00000000efa80000)
 ParOldGen       total 19456K, used 10861K [0x00000000c0000000, 0x00000000c1300000, 0x00000000eaa80000)
  object space 19456K, 55% used [0x00000000c0000000,0x00000000c0a9b550,0x00000000c1300000)
 PSPermGen       total 22528K, used 22281K [0x00000000b0000000, 0x00000000b1600000, 0x00000000c0000000)
  object space 22528K, 98% used [0x00000000b0000000,0x00000000b15c2570,0x00000000b1600000)
}
Event: 12,432 GC heap before
{Heap before GC invocations=13 (full 0):
 PSYoungGen      total 81408K, used 78386K [0x00000000eaa80000, 0x00000000f0000000, 0x0000000100000000)
  eden space 76288K, 100% used [0x00000000eaa80000,0x00000000ef500000,0x00000000ef500000)
  from space 5120K, 40% used [0x00000000efb00000,0x00000000efd0ca00,0x00000000f0000000)
  to   space 5632K, 0% used [0x00000000ef500000,0x00000000ef500000,0x00000000efa80000)
 ParOldGen       total 19456K, used 10861K [0x00000000c0000000, 0x00000000c1300000, 0x00000000eaa80000)
  object space 19456K, 55% used [0x00000000c0000000,0x00000000c0a9b550,0x00000000c1300000)
 PSPermGen       total 23040K, used 23032K [0x00000000b0000000, 0x00000000b1680000, 0x00000000c0000000)
  object space 23040K, 99% used [0x00000000b0000000,0x00000000b167e390,0x00000000b1680000)
Event: 12,540 GC heap after
Heap after GC invocations=13 (full 0):
 PSYoungGen      total 81920K, used 1154K [0x00000000eaa80000, 0x00000000f2d00000, 0x0000000100000000)
  eden space 76288K, 0% used [0x00000000eaa80000,0x00000000eaa80000,0x00000000ef500000)
  from space 5632K, 20% used [0x00000000ef500000,0x00000000ef620a40,0x00000000efa80000)
  to   space 5632K, 0% used [0x00000000f2780000,0x00000000f2780000,0x00000000f2d00000)
 ParOldGen       total 19456K, used 12085K [0x00000000c0000000, 0x00000000c1300000, 0x00000000eaa80000)
  object space 19456K, 62% used [0x00000000c0000000,0x00000000c0bcd5c0,0x00000000c1300000)
 PSPermGen       total 23040K, used 23032K [0x00000000b0000000, 0x00000000b1680000, 0x00000000c0000000)
  object space 23040K, 99% used [0x00000000b0000000,0x00000000b167e390,0x00000000b1680000)
}
Event: 13,098 GC heap before
{Heap before GC invocations=14 (full 0):
 PSYoungGen      total 81920K, used 77442K [0x00000000eaa80000, 0x00000000f2d00000, 0x0000000100000000)
  eden space 76288K, 100% used [0x00000000eaa80000,0x00000000ef500000,0x00000000ef500000)
  from space 5632K, 20% used [0x00000000ef500000,0x00000000ef620a40,0x00000000efa80000)
  to   space 5632K, 0% used [0x00000000f2780000,0x00000000f2780000,0x00000000f2d00000)
 ParOldGen       total 19456K, used 12085K [0x00000000c0000000, 0x00000000c1300000, 0x00000000eaa80000)
  object space 19456K, 62% used [0x00000000c0000000,0x00000000c0bcd5c0,0x00000000c1300000)
 PSPermGen       total 23552K, used 23045K [0x00000000b0000000, 0x00000000b1700000, 0x00000000c0000000)
  object space 23552K, 97% used [0x00000000b0000000,0x00000000b1681690,0x00000000b1700000)
Event: 13,111 GC heap after
Heap after GC invocations=14 (full 0):
 PSYoungGen      total 128000K, used 256K [0x00000000eaa80000, 0x00000000f2d00000, 0x0000000100000000)
  eden space 122368K, 0% used [0x00000000eaa80000,0x00000000eaa80000,0x00000000f2200000)
  from space 5632K, 4% used [0x00000000f2780000,0x00000000f27c0000,0x00000000f2d00000)
  to   space 5632K, 0% used [0x00000000f2200000,0x00000000f2200000,0x00000000f2780000)
 ParOldGen       total 19456K, used 13096K [0x00000000c0000000, 0x00000000c1300000, 0x00000000eaa80000)
  object space 19456K, 67% used [0x00000000c0000000,0x00000000c0cca230,0x00000000c1300000)
 PSPermGen       total 23552K, used 23045K [0x00000000b0000000, 0x00000000b1700000, 0x00000000c0000000)
  object space 23552K, 97% used [0x00000000b0000000,0x00000000b1681690,0x00000000b1700000)
}
Event: 14,806 GC heap before
{Heap before GC invocations=15 (full 0):
 PSYoungGen      total 128000K, used 122624K [0x00000000eaa80000, 0x00000000f2d00000, 0x0000000100000000)
  eden space 122368K, 100% used [0x00000000eaa80000,0x00000000f2200000,0x00000000f2200000)
  from space 5632K, 4% used [0x00000000f2780000,0x00000000f27c0000,0x00000000f2d00000)
  to   space 5632K, 0% used [0x00000000f2200000,0x00000000f2200000,0x00000000f2780000)
 ParOldGen       total 19456K, used 13096K [0x00000000c0000000, 0x00000000c1300000, 0x00000000eaa80000)
  object space 19456K, 67% used [0x00000000c0000000,0x00000000c0cca230,0x00000000c1300000)
 PSPermGen       total 23552K, used 23545K [0x00000000b0000000, 0x00000000b1700000, 0x00000000c0000000)
  object space 23552K, 99% used [0x00000000b0000000,0x00000000b16fe7b0,0x00000000b1700000)

