# JRE version: OpenJDK Runtime Environment (7.0_79-b14) (build 1.7.0_79-b14)
# Java VM: OpenJDK 64-Bit Server VM (24.79-b02 mixed mode linux-amd64 compressed oops)
Heap
 PSYoungGen      total 135168K, used 3654K [0x00000000eaa80000, 0x00000000f3480000, 0x0000000100000000)
  eden space 129024K, 0% used [0x00000000eaa80000,0x00000000eaa80000,0x00000000f2880000)
  from space 6144K, 59% used [0x00000000f2880000,0x00000000f2c11968,0x00000000f2e80000)
  to   space 5632K, 0% used [0x00000000f2f00000,0x00000000f2f00000,0x00000000f3480000)
 ParOldGen       total 19456K, used 13293K [0x00000000c0000000, 0x00000000c1300000, 0x00000000eaa80000)
  object space 19456K, 68% used [0x00000000c0000000,0x00000000c0cfb710,0x00000000c1300000)
 PSPermGen       total 23040K, used 23036K [0x00000000b0000000, 0x00000000b1680000, 0x00000000c0000000)
  object space 23040K, 99% used [0x00000000b0000000,0x00000000b167f078,0x00000000b1680000)
GC Heap History (10 events):
Event: 7,782 GC heap after
Heap after GC invocations=4 (full 0):
 PSYoungGen      total 33792K, used 1024K [0x00000000eaa80000, 0x00000000ecc80000, 0x0000000100000000)
  eden space 32768K, 0% used [0x00000000eaa80000,0x00000000eaa80000,0x00000000eca80000)
  from space 1024K, 100% used [0x00000000ecb80000,0x00000000ecc80000,0x00000000ecc80000)
  to   space 1024K, 0% used [0x00000000eca80000,0x00000000eca80000,0x00000000ecb80000)
 ParOldGen       total 19456K, used 5576K [0x00000000c0000000, 0x00000000c1300000, 0x00000000eaa80000)
  object space 19456K, 28% used [0x00000000c0000000,0x00000000c05721b8,0x00000000c1300000)
 PSPermGen       total 21504K, used 10418K [0x00000000b0000000, 0x00000000b1500000, 0x00000000c0000000)
  object space 21504K, 48% used [0x00000000b0000000,0x00000000b0a2ca78,0x00000000b1500000)
}
Event: 10,658 GC heap before
{Heap before GC invocations=5 (full 0):
 PSYoungGen      total 33792K, used 33792K [0x00000000eaa80000, 0x00000000ecc80000, 0x0000000100000000)
  eden space 32768K, 100% used [0x00000000eaa80000,0x00000000eca80000,0x00000000eca80000)
  from space 1024K, 100% used [0x00000000ecb80000,0x00000000ecc80000,0x00000000ecc80000)
  to   space 1024K, 0% used [0x00000000eca80000,0x00000000eca80000,0x00000000ecb80000)
 ParOldGen       total 19456K, used 5576K [0x00000000c0000000, 0x00000000c1300000, 0x00000000eaa80000)
  object space 19456K, 28% used [0x00000000c0000000,0x00000000c05721b8,0x00000000c1300000)
 PSPermGen       total 21504K, used 16825K [0x00000000b0000000, 0x00000000b1500000, 0x00000000c0000000)
  object space 21504K, 78% used [0x00000000b0000000,0x00000000b106e638,0x00000000b1500000)
Event: 10,679 GC heap after
Heap after GC invocations=5 (full 0):
 PSYoungGen      total 33792K, used 1024K [0x00000000eaa80000, 0x00000000ef680000, 0x0000000100000000)
  eden space 32768K, 0% used [0x00000000eaa80000,0x00000000eaa80000,0x00000000eca80000)
  from space 1024K, 100% used [0x00000000eca80000,0x00000000ecb80000,0x00000000ecb80000)
  to   space 6144K, 0% used [0x00000000ef080000,0x00000000ef080000,0x00000000ef680000)
 ParOldGen       total 19456K, used 10935K [0x00000000c0000000, 0x00000000c1300000, 0x00000000eaa80000)
  object space 19456K, 56% used [0x00000000c0000000,0x00000000c0aadde8,0x00000000c1300000)
 PSPermGen       total 21504K, used 16825K [0x00000000b0000000, 0x00000000b1500000, 0x00000000c0000000)
  object space 21504K, 78% used [0x00000000b0000000,0x00000000b106e638,0x00000000b1500000)
}
Event: 14,691 GC heap before
{Heap before GC invocations=6 (full 0):
 PSYoungGen      total 33792K, used 33792K [0x00000000eaa80000, 0x00000000ef680000, 0x0000000100000000)
  eden space 32768K, 100% used [0x00000000eaa80000,0x00000000eca80000,0x00000000eca80000)
  from space 1024K, 100% used [0x00000000eca80000,0x00000000ecb80000,0x00000000ecb80000)
  to   space 6144K, 0% used [0x00000000ef080000,0x00000000ef080000,0x00000000ef680000)
 ParOldGen       total 19456K, used 10935K [0x00000000c0000000, 0x00000000c1300000, 0x00000000eaa80000)
  object space 19456K, 56% used [0x00000000c0000000,0x00000000c0aadde8,0x00000000c1300000)
 PSPermGen       total 21504K, used 20721K [0x00000000b0000000, 0x00000000b1500000, 0x00000000c0000000)
  object space 21504K, 96% used [0x00000000b0000000,0x00000000b143c768,0x00000000b1500000)
Event: 14,715 GC heap after
Heap after GC invocations=6 (full 0):
 PSYoungGen      total 70656K, used 5124K [0x00000000eaa80000, 0x00000000ef880000, 0x0000000100000000)
  eden space 64512K, 0% used [0x00000000eaa80000,0x00000000eaa80000,0x00000000ee980000)
  from space 6144K, 83% used [0x00000000ef080000,0x00000000ef581080,0x00000000ef680000)
  to   space 7168K, 0% used [0x00000000ee980000,0x00000000ee980000,0x00000000ef080000)
 ParOldGen       total 19456K, used 10935K [0x00000000c0000000, 0x00000000c1300000, 0x00000000eaa80000)
  object space 19456K, 56% used [0x00000000c0000000,0x00000000c0aadde8,0x00000000c1300000)
 PSPermGen       total 21504K, used 20721K [0x00000000b0000000, 0x00000000b1500000, 0x00000000c0000000)
  object space 21504K, 96% used [0x00000000b0000000,0x00000000b143c768,0x00000000b1500000)
}
Event: 15,623 GC heap before
{Heap before GC invocations=7 (full 0):
 PSYoungGen      total 70656K, used 69636K [0x00000000eaa80000, 0x00000000ef880000, 0x0000000100000000)
  eden space 64512K, 100% used [0x00000000eaa80000,0x00000000ee980000,0x00000000ee980000)
  from space 6144K, 83% used [0x00000000ef080000,0x00000000ef581080,0x00000000ef680000)
  to   space 7168K, 0% used [0x00000000ee980000,0x00000000ee980000,0x00000000ef080000)
 ParOldGen       total 19456K, used 10935K [0x00000000c0000000, 0x00000000c1300000, 0x00000000eaa80000)
  object space 19456K, 56% used [0x00000000c0000000,0x00000000c0aadde8,0x00000000c1300000)
 PSPermGen       total 21504K, used 21062K [0x00000000b0000000, 0x00000000b1500000, 0x00000000c0000000)
  object space 21504K, 97% used [0x00000000b0000000,0x00000000b1491b10,0x00000000b1500000)
Event: 15,638 GC heap after
Heap after GC invocations=7 (full 0):
 PSYoungGen      total 71680K, used 3064K [0x00000000eaa80000, 0x00000000f3580000, 0x0000000100000000)
  eden space 64512K, 0% used [0x00000000eaa80000,0x00000000eaa80000,0x00000000ee980000)
  from space 7168K, 42% used [0x00000000ee980000,0x00000000eec7e1f8,0x00000000ef080000)
  to   space 6656K, 0% used [0x00000000f2f00000,0x00000000f2f00000,0x00000000f3580000)
 ParOldGen       total 19456K, used 11182K [0x00000000c0000000, 0x00000000c1300000, 0x00000000eaa80000)
  object space 19456K, 57% used [0x00000000c0000000,0x00000000c0aeb918,0x00000000c1300000)
 PSPermGen       total 21504K, used 21062K [0x00000000b0000000, 0x00000000b1500000, 0x00000000c0000000)
  object space 21504K, 97% used [0x00000000b0000000,0x00000000b1491b10,0x00000000b1500000)
}
Event: 16,204 GC heap before
{Heap before GC invocations=8 (full 0):
 PSYoungGen      total 71680K, used 67576K [0x00000000eaa80000, 0x00000000f3580000, 0x0000000100000000)
  eden space 64512K, 100% used [0x00000000eaa80000,0x00000000ee980000,0x00000000ee980000)
  from space 7168K, 42% used [0x00000000ee980000,0x00000000eec7e1f8,0x00000000ef080000)
  to   space 6656K, 0% used [0x00000000f2f00000,0x00000000f2f00000,0x00000000f3580000)
 ParOldGen       total 19456K, used 11182K [0x00000000c0000000, 0x00000000c1300000, 0x00000000eaa80000)
  object space 19456K, 57% used [0x00000000c0000000,0x00000000c0aeb918,0x00000000c1300000)
 PSPermGen       total 22016K, used 21544K [0x00000000b0000000, 0x00000000b1580000, 0x00000000c0000000)
  object space 22016K, 97% used [0x00000000b0000000,0x00000000b150a280,0x00000000b1580000)
Event: 16,214 GC heap after
Heap after GC invocations=8 (full 0):
 PSYoungGen      total 134656K, used 3450K [0x00000000eaa80000, 0x00000000f3480000, 0x0000000100000000)
  eden space 129024K, 0% used [0x00000000eaa80000,0x00000000eaa80000,0x00000000f2880000)
  from space 5632K, 61% used [0x00000000f2f00000,0x00000000f325e928,0x00000000f3480000)
  to   space 6144K, 0% used [0x00000000f2880000,0x00000000f2880000,0x00000000f2e80000)
 ParOldGen       total 19456K, used 11506K [0x00000000c0000000, 0x00000000c1300000, 0x00000000eaa80000)
  object space 19456K, 59% used [0x00000000c0000000,0x00000000c0b3c988,0x00000000c1300000)
 PSPermGen       total 22016K, used 21544K [0x00000000b0000000, 0x00000000b1580000, 0x00000000c0000000)
  object space 22016K, 97% used [0x00000000b0000000,0x00000000b150a280,0x00000000b1580000)
}
Event: 17,969 GC heap before
{Heap before GC invocations=9 (full 0):
 PSYoungGen      total 134656K, used 132474K [0x00000000eaa80000, 0x00000000f3480000, 0x0000000100000000)
  eden space 129024K, 100% used [0x00000000eaa80000,0x00000000f2880000,0x00000000f2880000)
  from space 5632K, 61% used [0x00000000f2f00000,0x00000000f325e928,0x00000000f3480000)
  to   space 6144K, 0% used [0x00000000f2880000,0x00000000f2880000,0x00000000f2e80000)
 ParOldGen       total 19456K, used 11506K [0x00000000c0000000, 0x00000000c1300000, 0x00000000eaa80000)
  object space 19456K, 59% used [0x00000000c0000000,0x00000000c0b3c988,0x00000000c1300000)
 PSPermGen       total 23040K, used 23036K [0x00000000b0000000, 0x00000000b1680000, 0x00000000c0000000)
  object space 23040K, 99% used [0x00000000b0000000,0x00000000b167f078,0x00000000b1680000)

